#
# A fatal error has been detected by the Java Runtime Environment:
#
#  SIGSEGV (0xb) at pc=0x0000000104d30e84, pid=46427, tid=15363
#
# JRE version: Java(TM) SE Runtime Environment (7.0_67-b01) (build 1.7.0_67-b01)
# Java VM: Java HotSpot(TM) 64-Bit Server VM (24.65-b04 mixed mode bsd-amd64 compressed oops)
# Problematic frame:
# V  [libjvm.dylib+0x2b1e84]  java_lang_String::length(oopDesc*)+0x54
#
# Failed to write core dump. Core dumps have been disabled. To enable core dumping, try "ulimit -c unlimited" before starting Java again
#
# If you would like to submit a bug report, please visit:
#   http://bugreport.sun.com/bugreport/crash.jsp
#

---------------  T H R E A D  ---------------

Current thread (0x00007f99a2834800):  JavaThread "JDWP Transport Listener: dt_socket" daemon [_thread_in_vm, id=15363, stack(0x000000010cb5c000,0x000000010cc5c000)]

siginfo:si_signo=SIGSEGV: si_errno=0, si_code=1 (SEGV_MAPERR), si_addr=0x000000000000000c

Registers:
RAX=0x0000000000000000, RBX=0x00000007f01ea638, RCX=0x000000000000000c, RDX=0x0000000000000000
RSP=0x000000010cc5ba10, RBP=0x000000010cc5ba10, RSI=0x00007f99a4956e28, RDI=0x00000007f01ea638
R8 =0x0000000000000000, R9 =0x00000000ffffff00, R10=0x00000000b019377a, R11=0x000000010cc5ba70
R12=0x00007f99a2834800, R13=0x00007f99a256c630, R14=0x0000000000000000, R15=0x0000000000000000
RIP=0x0000000104d30e84, EFLAGS=0x0000000000010202, ERR=0x0000000000000004
  TRAPNO=0x000000000000000e

Top of Stack: (sp=0x000000010cc5ba10)
0x000000010cc5ba10:   000000010cc5ba40 0000000104d607be
0x000000010cc5ba20:   0000000000000000 0000000000000000
0x000000010cc5ba30:   00000007f01ea638 00007f99a28349e8
0x000000010cc5ba40:   000000010cc5bab0 0000000104d88086
0x000000010cc5ba50:   00007f99a2834800 00007f99a2834800
0x000000010cc5ba60:   0000000000000000 0000000000000000
0x000000010cc5ba70:   00007f99a28349e8 00007f99a2834800
0x000000010cc5ba80:   00007f99a2834800 000000010cc5bb08
0x000000010cc5ba90:   00007f99a4956e28 00007f99a256c630
0x000000010cc5baa0:   000000010cc5bc90 00007f99a28349e8
0x000000010cc5bab0:   000000010cc5bae0 000000010563d4be
0x000000010cc5bac0:   000000010cc5bc90 000000010565ddc2
0x000000010cc5bad0:   000000010cc5bb08 0000000105669588
0x000000010cc5bae0:   000000010cc5bd00 0000000105644642
0x000000010cc5baf0:   000004c300000013 0000000000010a00
0x000000010cc5bb00:   00007f99a2528ff0 000000010cc5bb58
0x000000010cc5bb10:   00007f990000012c 000000010cc5bb20
0x000000010cc5bb20:   00007f9900000000 000000010cc5bb58
0x000000010cc5bb30:   0000000000000000 0000000000000000
0x000000010cc5bb40:   000004c300000013 0000000000000080
0x000000010cc5bb50:   000000010cc5bb58 0800000000000000
0x000000010cc5bb60:   0000000022000000 0000000023000000
0x000000010cc5bb70:   0000000024000000 0000000000120000
0x000000010cc5bb80:   6804000000420000 4901000000687361
0x000000010cc5bb90:   0200000000000000 900a58a2997f0000
0x000000010cc5bba0:   6972657310000000 6f69737265566c61
0x000000010cc5bbb0:   010000004449556e 000000000000004a
0x000000010cc5bbc0:   5558a2997f00001a 72657316000000a0
0x000000010cc5bbd0:   69737265506c6169 656946746e657473
0x000000010cc5bbe0:   5b1c00000073646c 6f692f6176616a4c
0x000000010cc5bbf0:   537463656a624f2f 6569466d61657274
0x000000010cc5bc00:   00000000003b646c a2997f00001a0000 

Instructions: (pc=0x0000000104d30e84)
0x0000000104d30e64:   eb 16 48 8d 35 c3 79 4c 00 8a 4e 08 48 d3 e2 48
0x0000000104d30e74:   03 16 eb 04 48 8b 14 0f 84 c0 0f 94 c0 0f b6 c0
0x0000000104d30e84:   8b 44 82 0c 5d c3 8b 04 07 5d c3 90 55 48 89 e5
0x0000000104d30e94:   f6 87 8d 00 00 00 02 75 04 31 ff eb 23 48 63 87 

Register to memory mapping:

RAX=0x0000000000000000 is an unknown value
RBX=0x00000007f01ea638 is an oop
java.lang.String 
 - klass: 'java/lang/String'
RCX=0x000000000000000c is an unknown value
RDX=0x0000000000000000 is an unknown value
RSP=0x000000010cc5ba10 is pointing into the stack for thread: 0x00007f99a2834800
RBP=0x000000010cc5ba10 is pointing into the stack for thread: 0x00007f99a2834800
RSI=0x00007f99a4956e28 is a global jni handle
RDI=0x00000007f01ea638 is an oop
java.lang.String 
 - klass: 'java/lang/String'
R8 =0x0000000000000000 is an unknown value
R9 =0x00000000ffffff00 is an unknown value
R10=0x00000000b019377a is an unknown value
R11=0x000000010cc5ba70 is pointing into the stack for thread: 0x00007f99a2834800
R12=0x00007f99a2834800 is a thread
R13=0x00007f99a256c630 is an unknown value
R14=0x0000000000000000 is an unknown value
R15=0x0000000000000000 is an unknown value


Stack: [0x000000010cb5c000,0x000000010cc5c000],  sp=0x000000010cc5ba10,  free space=1022k
Native frames: (J=compiled Java code, j=interpreted, Vv=VM code, C=native code)
V  [libjvm.dylib+0x2b1e84]  java_lang_String::length(oopDesc*)+0x54
V  [libjvm.dylib+0x2e17be]  java_lang_String::utf8_length(oopDesc*)+0x38
V  [libjvm.dylib+0x309086]  jni_GetStringUTFChars+0x71
C  [libjdwp.dylib+0x74be]  value+0x96
C  [libjdwp.dylib+0xe642]  debugLoop_run+0x1ce
C  [libjdwp.dylib+0x1f0e2]  attachThread+0x4d
V  [libjvm.dylib+0x3781c2]  JvmtiAgentThread::call_start_function()+0x38
V  [libjvm.dylib+0x4f5855]  JavaThread::thread_main_inner()+0x9b
V  [libjvm.dylib+0x4f6f5d]  JavaThread::run()+0x1a3
V  [libjvm.dylib+0x420772]  java_start(Thread*)+0x126
C  [libsystem_pthread.dylib+0x32fc]  _pthread_body+0x83
C  [libsystem_pthread.dylib+0x3279]  _pthread_body+0x0
C  [libsystem_pthread.dylib+0x14b1]  thread_start+0xd


---------------  P R O C E S S  ---------------

Java Threads: ( => current thread )
  0x00007f99a299b800 JavaThread "AWT-EventQueue-0" [_thread_blocked, id=55323, stack(0x0000000111b4e000,0x0000000111c4e000)]
  0x00007f99a29a6800 JavaThread "Java2D Disposer" daemon [_thread_blocked, id=50955, stack(0x0000000111448000,0x0000000111548000)]
  0x00007f99a30da800 JavaThread "Java2D Queue Flusher" daemon [_thread_blocked, id=49927, stack(0x00000001112fe000,0x00000001113fe000)]
  0x00007f99a30a9000 JavaThread "AWT-Shutdown" [_thread_blocked, id=29463, stack(0x000000010e98a000,0x000000010ea8a000)]
  0x00007f99a3090800 JavaThread "AppKit Thread" daemon [_thread_in_native, id=1811, stack(0x00007fff5b1ff000,0x00007fff5b27f000)]
  0x00007f99a3061800 JavaThread "Service Thread" daemon [_thread_blocked, id=17923, stack(0x000000010d06b000,0x000000010d16b000)]
  0x00007f99a3061000 JavaThread "C2 CompilerThread1" daemon [_thread_blocked, id=17411, stack(0x000000010cf68000,0x000000010d068000)]
  0x00007f99a3057800 JavaThread "C2 CompilerThread0" daemon [_thread_blocked, id=16899, stack(0x000000010ce65000,0x000000010cf65000)]
  0x00007f99a283f000 JavaThread "JDWP Command Reader" daemon [_thread_in_native, id=16387, stack(0x000000010cd62000,0x000000010ce62000)]
  0x00007f99a2835800 JavaThread "JDWP Event Helper Thread" daemon [_thread_blocked, id=15875, stack(0x000000010cc5f000,0x000000010cd5f000)]
=>0x00007f99a2834800 JavaThread "JDWP Transport Listener: dt_socket" daemon [_thread_in_vm, id=15363, stack(0x000000010cb5c000,0x000000010cc5c000)]
  0x00007f99a3052800 JavaThread "Signal Dispatcher" daemon [_thread_blocked, id=11787, stack(0x000000010ca53000,0x000000010cb53000)]
  0x00007f99a2831000 JavaThread "Finalizer" daemon [_thread_blocked, id=10499, stack(0x000000010b191000,0x000000010b291000)]
  0x00007f99a282a800 JavaThread "Reference Handler" daemon [_thread_blocked, id=9987, stack(0x000000010b08e000,0x000000010b18e000)]
  0x00007f99a2807800 JavaThread "main" [_thread_blocked, id=3331, stack(0x00000001054df000,0x00000001055df000)]

Other Threads:
  0x00007f99a3036000 VMThread [stack: 0x000000010af8b000,0x000000010b08b000] [id=9475]
  0x00007f99a303e800 WatcherThread [stack: 0x000000010d16e000,0x000000010d26e000] [id=18435]

VM state:not at safepoint (normal execution)

VM Mutex/Monitor currently owned by a thread: None

Heap
 PSYoungGen      total 84992K, used 2601K [0x00000007f5500000, 0x00000007fb200000, 0x0000000800000000)
  eden space 80896K, 3% used [0x00000007f5500000,0x00000007f578a720,0x00000007fa400000)
  from space 4096K, 0% used [0x00000007fae00000,0x00000007fae00000,0x00000007fb200000)
  to   space 7168K, 0% used [0x00000007fa400000,0x00000007fa400000,0x00000007fab00000)
 ParOldGen       total 349184K, used 264107K [0x00000007e0000000, 0x00000007f5500000, 0x00000007f5500000)
  object space 349184K, 75% used [0x00000007e0000000,0x00000007f01eade8,0x00000007f5500000)
 PSPermGen       total 21504K, used 9114K [0x00000007dae00000, 0x00000007dc300000, 0x00000007e0000000)
  object space 21504K, 42% used [0x00000007dae00000,0x00000007db6e6b58,0x00000007dc300000)

Card table byte_map: [0x0000000108c00000,0x0000000108d2a000] byte_map_base: 0x0000000104d29000

Polling page: 0x000000010561e000

Code Cache  [0x0000000105c00000, 0x0000000105e70000, 0x0000000108c00000)
 total_blobs=423 nmethods=18 adapters=368 free_code_cache=48614Kb largest_free_block=49772608

Compilation events (10 events):
Event: 1.821 Thread 0x00007f99a3061000 nmethod 13 0x0000000105c7fa50 code [0x0000000105c7fba0, 0x0000000105c7fcf8]
Event: 1.821 Thread 0x00007f99a3061000   14             java.lang.CharacterDataLatin1::toLowerCase (39 bytes)
Event: 1.822 Thread 0x00007f99a3061000 nmethod 14 0x0000000105c7f790 code [0x0000000105c7f8c0, 0x0000000105c7f998]
Event: 1.840 Thread 0x00007f99a3057800 nmethod 12 0x0000000105c86210 code [0x0000000105c86460, 0x0000000105c877d0]
Event: 1.849 Thread 0x00007f99a3061000   16             sun.font.Font2D::setStyle (114 bytes)
Event: 1.850 Thread 0x00007f99a3057800   17             java.lang.String::indexOf (25 bytes)
Event: 1.851 Thread 0x00007f99a3057800 nmethod 17 0x0000000105c7efd0 code [0x0000000105c7f120, 0x0000000105c7f2a8]
Event: 1.851 Thread 0x00007f99a3057800   18             java.lang.String::indexOf (7 bytes)
Event: 1.853 Thread 0x00007f99a3057800 nmethod 18 0x0000000105c80ad0 code [0x0000000105c80c20, 0x0000000105c80da8]
Event: 1.859 Thread 0x00007f99a3061000 nmethod 16 0x0000000105c82010 code [0x0000000105c821e0, 0x0000000105c82800]

GC Heap History (10 events):
Event: 3.244 GC heap before
{Heap before GC invocations=11 (full 3):
 PSYoungGen      total 40448K, used 392K [0x00000007f5500000, 0x00000007f9f80000, 0x0000000800000000)
  eden space 32256K, 1% used [0x00000007f5500000,0x00000007f5562198,0x00000007f7480000)
  from space 8192K, 0% used [0x00000007f7480000,0x00000007f7480000,0x00000007f7c80000)
  to   space 8192K, 0% used [0x00000007f9780000,0x00000007f9780000,0x00000007f9f80000)
 ParOldGen       total 349184K, used 329767K [0x00000007e0000000, 0x00000007f5500000, 0x00000007f5500000)
  object space 349184K, 94% used [0x00000007e0000000,0x00000007f4209ce8,0x00000007f5500000)
 PSPermGen       total 21504K, used 9112K [0x00000007dae00000, 0x00000007dc300000, 0x00000007e0000000)
  object space 21504K, 42% used [0x00000007dae00000,0x00000007db6e6370,0x00000007dc300000)
Event: 3.248 GC heap after
Heap after GC invocations=11 (full 3):
 PSYoungGen      total 59904K, used 32K [0x00000007f5500000, 0x00000007f9b00000, 0x0000000800000000)
  eden space 56320K, 0% used [0x00000007f5500000,0x00000007f5500000,0x00000007f8c00000)
  from space 3584K, 0% used [0x00000007f9780000,0x00000007f9788000,0x00000007f9b00000)
  to   space 7680K, 0% used [0x00000007f8c00000,0x00000007f8c00000,0x00000007f9380000)
 ParOldGen       total 349184K, used 329767K [0x00000007e0000000, 0x00000007f5500000, 0x00000007f5500000)
  object space 349184K, 94% used [0x00000007e0000000,0x00000007f4209ce8,0x00000007f5500000)
 PSPermGen       total 21504K, used 9112K [0x00000007dae00000, 0x00000007dc300000, 0x00000007e0000000)
  object space 21504K, 42% used [0x00000007dae00000,0x00000007db6e6370,0x00000007dc300000)
}
Event: 3.248 GC heap before
{Heap before GC invocations=12 (full 3):
 PSYoungGen      total 59904K, used 32K [0x00000007f5500000, 0x00000007f9b00000, 0x0000000800000000)
  eden space 56320K, 0% used [0x00000007f5500000,0x00000007f5500000,0x00000007f8c00000)
  from space 3584K, 0% used [0x00000007f9780000,0x00000007f9788000,0x00000007f9b00000)
  to   space 7680K, 0% used [0x00000007f8c00000,0x00000007f8c00000,0x00000007f9380000)
 ParOldGen       total 349184K, used 329767K [0x00000007e0000000, 0x00000007f5500000, 0x00000007f5500000)
  object space 349184K, 94% used [0x00000007e0000000,0x00000007f4209ce8,0x00000007f5500000)
 PSPermGen       total 21504K, used 9112K [0x00000007dae00000, 0x00000007dc300000, 0x00000007e0000000)
  object space 21504K, 42% used [0x00000007dae00000,0x00000007db6e6370,0x00000007dc300000)
Event: 3.252 GC heap after
Heap after GC invocations=12 (full 3):
 PSYoungGen      total 64000K, used 32K [0x00000007f5500000, 0x00000007fb580000, 0x0000000800000000)
  eden space 56320K, 0% used [0x00000007f5500000,0x00000007f5500000,0x00000007f8c00000)
  from space 7680K, 0% used [0x00000007f8c00000,0x00000007f8c08000,0x00000007f9380000)
  to   space 7680K, 0% used [0x00000007fae00000,0x00000007fae00000,0x00000007fb580000)
 ParOldGen       total 349184K, used 329767K [0x00000007e0000000, 0x00000007f5500000, 0x00000007f5500000)
  object space 349184K, 94% used [0x00000007e0000000,0x00000007f4209ce8,0x00000007f5500000)
 PSPermGen       total 21504K, used 9112K [0x00000007dae00000, 0x00000007dc300000, 0x00000007e0000000)
  object space 21504K, 42% used [0x00000007dae00000,0x00000007db6e6370,0x00000007dc300000)
}
Event: 3.252 GC heap before
{Heap before GC invocations=13 (full 4):
 PSYoungGen      total 64000K, used 32K [0x00000007f5500000, 0x00000007fb580000, 0x0000000800000000)
  eden space 56320K, 0% used [0x00000007f5500000,0x00000007f5500000,0x00000007f8c00000)
  from space 7680K, 0% used [0x00000007f8c00000,0x00000007f8c08000,0x00000007f9380000)
  to   space 7680K, 0% used [0x00000007fae00000,0x00000007fae00000,0x00000007fb580000)
 ParOldGen       total 349184K, used 329767K [0x00000007e0000000, 0x00000007f5500000, 0x00000007f5500000)
  object space 349184K, 94% used [0x00000007e0000000,0x00000007f4209ce8,0x00000007f5500000)
 PSPermGen       total 21504K, used 9112K [0x00000007dae00000, 0x00000007dc300000, 0x00000007e0000000)
  object space 21504K, 42% used [0x00000007dae00000,0x00000007db6e6370,0x00000007dc300000)
Event: 3.325 GC heap after
Heap after GC invocations=13 (full 4):
 PSYoungGen      total 64000K, used 0K [0x00000007f5500000, 0x00000007fb580000, 0x0000000800000000)
  eden space 56320K, 0% used [0x00000007f5500000,0x00000007f5500000,0x00000007f8c00000)
  from space 7680K, 0% used [0x00000007f8c00000,0x00000007f8c00000,0x00000007f9380000)
  to   space 7680K, 0% used [0x00000007fae00000,0x00000007fae00000,0x00000007fb580000)
 ParOldGen       total 297472K, used 264237K [0x00000007e0000000, 0x00000007f2280000, 0x00000007f5500000)
  object space 297472K, 88% used [0x00000007e0000000,0x00000007f020b4f0,0x00000007f2280000)
 PSPermGen       total 21504K, used 9112K [0x00000007dae00000, 0x00000007dc300000, 0x00000007e0000000)
  object space 21504K, 42% used [0x00000007dae00000,0x00000007db6e6370,0x00000007dc300000)
}
Event: 3.325 GC heap before
{Heap before GC invocations=14 (full 4):
 PSYoungGen      total 64000K, used 0K [0x00000007f5500000, 0x00000007fb580000, 0x0000000800000000)
  eden space 56320K, 0% used [0x00000007f5500000,0x00000007f5500000,0x00000007f8c00000)
  from space 7680K, 0% used [0x00000007f8c00000,0x00000007f8c00000,0x00000007f9380000)
  to   space 7680K, 0% used [0x00000007fae00000,0x00000007fae00000,0x00000007fb580000)
 ParOldGen       total 349184K, used 264237K [0x00000007e0000000, 0x00000007f5500000, 0x00000007f5500000)
  object space 349184K, 75% used [0x00000007e0000000,0x00000007f020b4f0,0x00000007f5500000)
 PSPermGen       total 21504K, used 9112K [0x00000007dae00000, 0x00000007dc300000, 0x00000007e0000000)
  object space 21504K, 42% used [0x00000007dae00000,0x00000007db6e6370,0x00000007dc300000)
Event: 3.329 GC heap after
Heap after GC invocations=14 (full 4):
 PSYoungGen      total 84992K, used 0K [0x00000007f5500000, 0x00000007fb200000, 0x0000000800000000)
  eden space 80896K, 0% used [0x00000007f5500000,0x00000007f5500000,0x00000007fa400000)
  from space 4096K, 0% used [0x00000007fae00000,0x00000007fae00000,0x00000007fb200000)
  to   space 7168K, 0% used [0x00000007fa400000,0x00000007fa400000,0x00000007fab00000)
 ParOldGen       total 349184K, used 264237K [0x00000007e0000000, 0x00000007f5500000, 0x00000007f5500000)
  object space 349184K, 75% used [0x00000007e0000000,0x00000007f020b4f0,0x00000007f5500000)
 PSPermGen       total 21504K, used 9112K [0x00000007dae00000, 0x00000007dc300000, 0x00000007e0000000)
  object space 21504K, 42% used [0x00000007dae00000,0x00000007db6e6370,0x00000007dc300000)
}
Event: 3.329 GC heap before
{Heap before GC invocations=15 (full 5):
 PSYoungGen      total 84992K, used 0K [0x00000007f5500000, 0x00000007fb200000, 0x0000000800000000)
  eden space 80896K, 0% used [0x00000007f5500000,0x00000007f5500000,0x00000007fa400000)
  from space 4096K, 0% used [0x00000007fae00000,0x00000007fae00000,0x00000007fb200000)
  to   space 7168K, 0% used [0x00000007fa400000,0x00000007fa400000,0x00000007fab00000)
 ParOldGen       total 349184K, used 264237K [0x00000007e0000000, 0x00000007f5500000, 0x00000007f5500000)
  object space 349184K, 75% used [0x00000007e0000000,0x00000007f020b4f0,0x00000007f5500000)
 PSPermGen       total 21504K, used 9112K [0x00000007dae00000, 0x00000007dc300000, 0x00000007e0000000)
  object space 21504K, 42% used [0x00000007dae00000,0x00000007db6e6370,0x00000007dc300000)
Event: 3.469 GC heap after
Heap after GC invocations=15 (full 5):
 PSYoungGen      total 84992K, used 0K [0x00000007f5500000, 0x00000007fb200000, 0x0000000800000000)
  eden space 80896K, 0% used [0x00000007f5500000,0x00000007f5500000,0x00000007fa400000)
  from space 4096K, 0% used [0x00000007fae00000,0x00000007fae00000,0x00000007fb200000)
  to   space 7168K, 0% used [0x00000007fa400000,0x00000007fa400000,0x00000007fab00000)
 ParOldGen       total 301568K, used 264107K [0x00000007e0000000, 0x00000007f2680000, 0x00000007f5500000)
  object space 301568K, 87% used [0x00000007e0000000,0x00000007f01eade8,0x00000007f2680000)
 PSPermGen       total 21504K, used 9112K [0x00000007dae00000, 0x00000007dc300000, 0x00000007e0000000)
  object space 21504K, 42% used [0x00000007dae00000,0x00000007db6e6370,0x00000007dc300000)
}

Deoptimization events (1 events):
Event: 2.007 Thread 0x00007f99a299b800 Uncommon trap: reason=unloaded action=reinterpret pc=0x0000000105c7e558 method=java.lang.CharacterData.of(I)Ljava/lang/CharacterData; @ 96

Internal exceptions (10 events):
Event: 0.929 Thread 0x00007f99a2807800 Threw 0x00000007f568e7d8 at /HUDSON/workspace/7u-2-build-macosx-x86_64/jdk7u67/1368/hotspot/src/share/vm/prims/jvm.cpp:1244
Event: 0.930 Thread 0x00007f99a2807800 Threw 0x00000007f5690310 at /HUDSON/workspace/7u-2-build-macosx-x86_64/jdk7u67/1368/hotspot/src/share/vm/prims/jvm.cpp:1244
Event: 0.931 Thread 0x00007f99a2807800 Threw 0x00000007f56915d0 at /HUDSON/workspace/7u-2-build-macosx-x86_64/jdk7u67/1368/hotspot/src/share/vm/prims/jvm.cpp:1244
Event: 0.932 Thread 0x00007f99a2807800 Threw 0x00000007f569afa8 at /HUDSON/workspace/7u-2-build-macosx-x86_64/jdk7u67/1368/hotspot/src/share/vm/prims/jvm.cpp:1244
Event: 0.932 Thread 0x00007f99a2807800 Threw 0x00000007f569c410 at /HUDSON/workspace/7u-2-build-macosx-x86_64/jdk7u67/1368/hotspot/src/share/vm/prims/jvm.cpp:1244
Event: 1.002 Thread 0x00007f99a2807800 Threw 0x00000007f56c8d00 at /HUDSON/workspace/7u-2-build-macosx-x86_64/jdk7u67/1368/hotspot/src/share/vm/prims/jvm.cpp:1244
Event: 1.054 Thread 0x00007f99a2807800 Threw 0x00000007f56da860 at /HUDSON/workspace/7u-2-build-macosx-x86_64/jdk7u67/1368/hotspot/src/share/vm/prims/jvm.cpp:1244
Event: 1.891 Thread 0x00007f99a2807800 Threw 0x00000007f58caca0 at /HUDSON/workspace/7u-2-build-macosx-x86_64/jdk7u67/1368/hotspot/src/share/vm/prims/jvm.cpp:1244
Event: 1.893 Thread 0x00007f99a2807800 Threw 0x00000007f58d0540 at /HUDSON/workspace/7u-2-build-macosx-x86_64/jdk7u67/1368/hotspot/src/share/vm/prims/jvm.cpp:1244
Event: 3.470 Thread 0x00007f99a2807800 Threw 0x00000007daead0b0 at /HUDSON/workspace/7u-2-build-macosx-x86_64/jdk7u67/1368/hotspot/src/share/vm/gc_interface/collectedHeap.inline.hpp:170

Events (10 events):
Event: 6.083 Executing VM operation: GetOrSetLocal
Event: 6.083 Executing VM operation: GetOrSetLocal done
Event: 6.084 Executing VM operation: GetOrSetLocal
Event: 6.084 Executing VM operation: GetOrSetLocal done
Event: 6.085 Executing VM operation: GetOrSetLocal
Event: 6.085 Executing VM operation: GetOrSetLocal done
Event: 6.085 Executing VM operation: GetOrSetLocal
Event: 6.085 Executing VM operation: GetOrSetLocal done
Event: 6.086 Executing VM operation: GetOrSetLocal
Event: 6.086 Executing VM operation: GetOrSetLocal done


Dynamic libraries:
0x0000000006a20000 	/System/Library/Frameworks/Cocoa.framework/Versions/A/Cocoa
0x0000000006a20000 	/System/Library/Frameworks/Security.framework/Versions/A/Security
0x0000000006a20000 	/System/Library/Frameworks/ApplicationServices.framework/Versions/A/ApplicationServices
0x0000000006a20000 	/usr/lib/libz.1.dylib
0x0000000006a20000 	/usr/lib/libSystem.B.dylib
0x0000000006a20000 	/usr/lib/libobjc.A.dylib
0x0000000006a20000 	/System/Library/Frameworks/CoreFoundation.framework/Versions/A/CoreFoundation
0x0000000006a20000 	/System/Library/Frameworks/Foundation.framework/Versions/C/Foundation
0x0000000006a20000 	/System/Library/Frameworks/AppKit.framework/Versions/C/AppKit
0x0000000006a20000 	/System/Library/Frameworks/CoreData.framework/Versions/A/CoreData
0x0000000006a20000 	/System/Library/PrivateFrameworks/RemoteViewServices.framework/Versions/A/RemoteViewServices
0x0000000006a20000 	/System/Library/PrivateFrameworks/UIFoundation.framework/Versions/A/UIFoundation
0x0000000006a20000 	/System/Library/Frameworks/IOSurface.framework/Versions/A/IOSurface
0x0000000006a20000 	/System/Library/Frameworks/AudioToolbox.framework/Versions/A/AudioToolbox
0x0000000006a20000 	/System/Library/Frameworks/AudioUnit.framework/Versions/A/AudioUnit
0x0000000006a20000 	/System/Library/PrivateFrameworks/DataDetectorsCore.framework/Versions/A/DataDetectorsCore
0x0000000006a20000 	/System/Library/PrivateFrameworks/DesktopServicesPriv.framework/Versions/A/DesktopServicesPriv
0x0000000006a20000 	/System/Library/Frameworks/Carbon.framework/Versions/A/Frameworks/HIToolbox.framework/Versions/A/HIToolbox
0x0000000006a20000 	/System/Library/Frameworks/QuartzCore.framework/Versions/A/QuartzCore
0x0000000006a20000 	/System/Library/Frameworks/Carbon.framework/Versions/A/Frameworks/SpeechRecognition.framework/Versions/A/SpeechRecognition
0x0000000006a20000 	/usr/lib/libauto.dylib
0x0000000006a20000 	/usr/lib/libicucore.A.dylib
0x0000000006a20000 	/usr/lib/libxml2.2.dylib
0x0000000006a20000 	/System/Library/PrivateFrameworks/CoreUI.framework/Versions/A/CoreUI
0x0000000006a20000 	/System/Library/Frameworks/CoreAudio.framework/Versions/A/CoreAudio
0x0000000006a20000 	/System/Library/Frameworks/DiskArbitration.framework/Versions/A/DiskArbitration
0x0000000006a20000 	/usr/lib/liblangid.dylib
0x0000000006a20000 	/System/Library/PrivateFrameworks/MultitouchSupport.framework/Versions/A/MultitouchSupport
0x0000000006a20000 	/System/Library/Frameworks/IOKit.framework/Versions/A/IOKit
0x0000000006a20000 	/usr/lib/libDiagnosticMessagesClient.dylib
0x0000000006a20000 	/System/Library/Frameworks/CoreServices.framework/Versions/A/CoreServices
0x0000000006a20000 	/System/Library/PrivateFrameworks/PerformanceAnalysis.framework/Versions/A/PerformanceAnalysis
0x0000000006a20000 	/System/Library/PrivateFrameworks/GenerationalStorage.framework/Versions/A/GenerationalStorage
0x0000000006a20000 	/System/Library/Frameworks/OpenGL.framework/Versions/A/OpenGL
0x0000000006a20000 	/System/Library/PrivateFrameworks/Sharing.framework/Versions/A/Sharing
0x0000000006a20000 	/System/Library/Frameworks/CoreGraphics.framework/Versions/A/CoreGraphics
0x0000000006a20000 	/System/Library/Frameworks/CoreText.framework/Versions/A/CoreText
0x0000000006a20000 	/System/Library/Frameworks/ImageIO.framework/Versions/A/ImageIO
0x0000000006a20000 	/usr/lib/libextension.dylib
0x0000000006a20000 	/System/Library/PrivateFrameworks/Backup.framework/Versions/A/Backup
0x0000000006a20000 	/usr/lib/libarchive.2.dylib
0x0000000006a20000 	/System/Library/Frameworks/CFNetwork.framework/Versions/A/CFNetwork
0x0000000006a20000 	/System/Library/Frameworks/SystemConfiguration.framework/Versions/A/SystemConfiguration
0x0000000006a20000 	/usr/lib/libCRFSuite.dylib
0x0000000006a20000 	/usr/lib/libc++.1.dylib
0x0000000006a20000 	/usr/lib/libc++abi.dylib
0x0000000006a20000 	/usr/lib/system/libcache.dylib
0x0000000006a20000 	/usr/lib/system/libcommonCrypto.dylib
0x0000000006a20000 	/usr/lib/system/libcompiler_rt.dylib
0x0000000006a20000 	/usr/lib/system/libcopyfile.dylib
0x0000000006a20000 	/usr/lib/system/libcorecrypto.dylib
0x0000000006a20000 	/usr/lib/system/libdispatch.dylib
0x0000000006a20000 	/usr/lib/system/libdyld.dylib
0x0000000006a20000 	/usr/lib/system/libkeymgr.dylib
0x0000000006a20000 	/usr/lib/system/liblaunch.dylib
0x0000000006a20000 	/usr/lib/system/libmacho.dylib
0x0000000006a20000 	/usr/lib/system/libquarantine.dylib
0x0000000006a20000 	/usr/lib/system/libremovefile.dylib
0x0000000006a20000 	/usr/lib/system/libsystem_asl.dylib
0x0000000006a20000 	/usr/lib/system/libsystem_blocks.dylib
0x0000000006a20000 	/usr/lib/system/libsystem_c.dylib
0x0000000006a20000 	/usr/lib/system/libsystem_configuration.dylib
0x0000000006a20000 	/usr/lib/system/libsystem_coreservices.dylib
0x0000000006a20000 	/usr/lib/system/libsystem_coretls.dylib
0x0000000006a20000 	/usr/lib/system/libsystem_dnssd.dylib
0x0000000006a20000 	/usr/lib/system/libsystem_info.dylib
0x0000000006a20000 	/usr/lib/system/libsystem_kernel.dylib
0x0000000006a20000 	/usr/lib/system/libsystem_m.dylib
0x0000000006a20000 	/usr/lib/system/libsystem_malloc.dylib
0x0000000006a20000 	/usr/lib/system/libsystem_network.dylib
0x0000000006a20000 	/usr/lib/system/libsystem_networkextension.dylib
0x0000000006a20000 	/usr/lib/system/libsystem_notify.dylib
0x0000000006a20000 	/usr/lib/system/libsystem_platform.dylib
0x0000000006a20000 	/usr/lib/system/libsystem_pthread.dylib
0x0000000006a20000 	/usr/lib/system/libsystem_sandbox.dylib
0x0000000006a20000 	/usr/lib/system/libsystem_secinit.dylib
0x0000000006a20000 	/usr/lib/system/libsystem_stats.dylib
0x0000000006a20000 	/usr/lib/system/libsystem_trace.dylib
0x0000000006a20000 	/usr/lib/system/libunc.dylib
0x0000000006a20000 	/usr/lib/system/libunwind.dylib
0x0000000006a20000 	/usr/lib/system/libxpc.dylib
0x0000000006a20000 	/usr/lib/libbz2.1.0.dylib
0x0000000006a20000 	/usr/lib/liblzma.5.dylib
0x0000000006a20000 	/usr/lib/libbsm.0.dylib
0x0000000006a20000 	/usr/lib/libsqlite3.dylib
0x0000000006a20000 	/usr/lib/system/libkxld.dylib
0x0000000006a20000 	/usr/lib/libxar.1.dylib
0x0000000006a20000 	/usr/lib/libpam.2.dylib
0x0000000006a20000 	/usr/lib/libOpenScriptingUtil.dylib
0x0000000006a20000 	/System/Library/Frameworks/CoreServices.framework/Versions/A/Frameworks/FSEvents.framework/Versions/A/FSEvents
0x0000000006a20000 	/System/Library/Frameworks/CoreServices.framework/Versions/A/Frameworks/CarbonCore.framework/Versions/A/CarbonCore
0x0000000006a20000 	/System/Library/Frameworks/CoreServices.framework/Versions/A/Frameworks/Metadata.framework/Versions/A/Metadata
0x0000000006a20000 	/System/Library/Frameworks/CoreServices.framework/Versions/A/Frameworks/OSServices.framework/Versions/A/OSServices
0x0000000006a20000 	/System/Library/Frameworks/CoreServices.framework/Versions/A/Frameworks/SearchKit.framework/Versions/A/SearchKit
0x0000000006a20000 	/System/Library/Frameworks/CoreServices.framework/Versions/A/Frameworks/AE.framework/Versions/A/AE
0x0000000006a20000 	/System/Library/Frameworks/CoreServices.framework/Versions/A/Frameworks/LaunchServices.framework/Versions/A/LaunchServices
0x0000000006a20000 	/System/Library/Frameworks/CoreServices.framework/Versions/A/Frameworks/DictionaryServices.framework/Versions/A/DictionaryServices
0x0000000006a20000 	/System/Library/Frameworks/NetFS.framework/Versions/A/NetFS
0x0000000006a20000 	/System/Library/PrivateFrameworks/NetAuth.framework/Versions/A/NetAuth
0x0000000006a20000 	/System/Library/PrivateFrameworks/login.framework/Versions/A/Frameworks/loginsupport.framework/Versions/A/loginsupport
0x0000000006a20000 	/System/Library/PrivateFrameworks/TCC.framework/Versions/A/TCC
0x0000000006a20000 	/usr/lib/libmecabra.dylib
0x0000000006a20000 	/System/Library/PrivateFrameworks/LanguageModeling.framework/Versions/A/LanguageModeling
0x0000000006a20000 	/usr/lib/libcmph.dylib
0x0000000006a20000 	/usr/lib/libiconv.2.dylib
0x0000000006a20000 	/System/Library/Frameworks/OpenDirectory.framework/Versions/A/Frameworks/CFOpenDirectory.framework/Versions/A/CFOpenDirectory
0x0000000006a20000 	/System/Library/Frameworks/ServiceManagement.framework/Versions/A/ServiceManagement
0x0000000006a20000 	/usr/lib/libxslt.1.dylib
0x0000000006a20000 	/System/Library/Frameworks/Carbon.framework/Versions/A/Frameworks/Ink.framework/Versions/A/Ink
0x0000000006a20000 	/System/Library/Frameworks/ApplicationServices.framework/Versions/A/Frameworks/ATS.framework/Versions/A/ATS
0x0000000006a20000 	/System/Library/Frameworks/ApplicationServices.framework/Versions/A/Frameworks/ColorSync.framework/Versions/A/ColorSync
0x0000000006a20000 	/System/Library/Frameworks/ApplicationServices.framework/Versions/A/Frameworks/HIServices.framework/Versions/A/HIServices
0x0000000006a20000 	/System/Library/Frameworks/ApplicationServices.framework/Versions/A/Frameworks/LangAnalysis.framework/Versions/A/LangAnalysis
0x0000000006a20000 	/System/Library/Frameworks/ApplicationServices.framework/Versions/A/Frameworks/PrintCore.framework/Versions/A/PrintCore
0x0000000006a20000 	/System/Library/Frameworks/ApplicationServices.framework/Versions/A/Frameworks/QD.framework/Versions/A/QD
0x0000000006a20000 	/System/Library/Frameworks/ApplicationServices.framework/Versions/A/Frameworks/SpeechSynthesis.framework/Versions/A/SpeechSynthesis
0x0000000006a20000 	/System/Library/Frameworks/Accelerate.framework/Versions/A/Accelerate
0x0000000006a20000 	/System/Library/Frameworks/Accelerate.framework/Versions/A/Frameworks/vImage.framework/Versions/A/vImage
0x0000000006a20000 	/System/Library/Frameworks/Accelerate.framework/Versions/A/Frameworks/vecLib.framework/Versions/A/vecLib
0x0000000006a20000 	/System/Library/Frameworks/Accelerate.framework/Versions/A/Frameworks/vecLib.framework/Versions/A/libvDSP.dylib
0x0000000006a20000 	/System/Library/Frameworks/Accelerate.framework/Versions/A/Frameworks/vecLib.framework/Versions/A/libvMisc.dylib
0x0000000006a20000 	/System/Library/Frameworks/Accelerate.framework/Versions/A/Frameworks/vecLib.framework/Versions/A/libLAPACK.dylib
0x0000000006a20000 	/System/Library/Frameworks/Accelerate.framework/Versions/A/Frameworks/vecLib.framework/Versions/A/libBLAS.dylib
0x0000000006a20000 	/System/Library/Frameworks/Accelerate.framework/Versions/A/Frameworks/vecLib.framework/Versions/A/libLinearAlgebra.dylib
0x0000000006a20000 	/System/Library/Frameworks/ApplicationServices.framework/Versions/A/Frameworks/ATS.framework/Versions/A/Resources/libFontParser.dylib
0x0000000006a20000 	/System/Library/Frameworks/ApplicationServices.framework/Versions/A/Frameworks/ATS.framework/Versions/A/Resources/libFontRegistry.dylib
0x0000000006a20000 	/System/Library/PrivateFrameworks/AppleVPA.framework/Versions/A/AppleVPA
0x0000000006a20000 	/System/Library/PrivateFrameworks/AppleJPEG.framework/Versions/A/AppleJPEG
0x0000000006a20000 	/System/Library/Frameworks/ImageIO.framework/Versions/A/Resources/libJPEG.dylib
0x0000000006a20000 	/System/Library/Frameworks/ImageIO.framework/Versions/A/Resources/libTIFF.dylib
0x0000000006a20000 	/System/Library/Frameworks/ImageIO.framework/Versions/A/Resources/libPng.dylib
0x0000000006a20000 	/System/Library/Frameworks/ImageIO.framework/Versions/A/Resources/libGIF.dylib
0x0000000006a20000 	/System/Library/Frameworks/ImageIO.framework/Versions/A/Resources/libJP2.dylib
0x0000000006a20000 	/System/Library/Frameworks/ImageIO.framework/Versions/A/Resources/libRadiance.dylib
0x0000000006a20000 	/System/Library/Frameworks/CoreVideo.framework/Versions/A/CoreVideo
0x0000000006a20000 	/System/Library/Frameworks/OpenGL.framework/Versions/A/Libraries/libGLU.dylib
0x0000000006a20000 	/System/Library/Frameworks/OpenGL.framework/Versions/A/Libraries/libGFXShared.dylib
0x0000000006a20000 	/System/Library/Frameworks/OpenGL.framework/Versions/A/Libraries/libGL.dylib
0x0000000006a20000 	/System/Library/Frameworks/OpenGL.framework/Versions/A/Libraries/libGLImage.dylib
0x0000000006a20000 	/System/Library/Frameworks/OpenGL.framework/Versions/A/Libraries/libCVMSPluginSupport.dylib
0x0000000006a20000 	/System/Library/Frameworks/OpenGL.framework/Versions/A/Libraries/libCoreVMClient.dylib
0x0000000006a20000 	/usr/lib/libcups.2.dylib
0x0000000006a20000 	/System/Library/Frameworks/Kerberos.framework/Versions/A/Kerberos
0x0000000006a20000 	/System/Library/Frameworks/GSS.framework/Versions/A/GSS
0x0000000006a20000 	/usr/lib/libresolv.9.dylib
0x0000000006a20000 	/System/Library/PrivateFrameworks/Heimdal.framework/Versions/A/Heimdal
0x0000000006a20000 	/usr/lib/libheimdal-asn1.dylib
0x0000000006a20000 	/System/Library/Frameworks/OpenDirectory.framework/Versions/A/OpenDirectory
0x0000000006a20000 	/System/Library/PrivateFrameworks/CommonAuth.framework/Versions/A/CommonAuth
0x0000000006a20000 	/System/Library/Frameworks/SecurityFoundation.framework/Versions/A/SecurityFoundation
0x0000000006a20000 	/System/Library/Frameworks/QuartzCore.framework/Versions/A/Frameworks/CoreImage.framework/Versions/A/CoreImage
0x0000000006a20000 	/System/Library/PrivateFrameworks/CrashReporterSupport.framework/Versions/A/CrashReporterSupport
0x0000000006a20000 	/System/Library/Frameworks/OpenCL.framework/Versions/A/OpenCL
0x0000000006a20000 	/System/Library/PrivateFrameworks/FaceCore.framework/Versions/A/FaceCore
0x0000000006a20000 	/System/Library/PrivateFrameworks/Ubiquity.framework/Versions/A/Ubiquity
0x0000000006a20000 	/System/Library/PrivateFrameworks/IconServices.framework/Versions/A/IconServices
0x0000000006a20000 	/System/Library/PrivateFrameworks/ChunkingLibrary.framework/Versions/A/ChunkingLibrary
0x0000000006a20000 	/System/Library/PrivateFrameworks/Apple80211.framework/Versions/A/Apple80211
0x0000000006a20000 	/System/Library/Frameworks/CoreWLAN.framework/Versions/A/CoreWLAN
0x0000000006a20000 	/System/Library/Frameworks/IOBluetooth.framework/Versions/A/IOBluetooth
0x0000000006a20000 	/System/Library/PrivateFrameworks/CoreWiFi.framework/Versions/A/CoreWiFi
0x0000000006a20000 	/System/Library/Frameworks/CoreBluetooth.framework/Versions/A/CoreBluetooth
0x0000000006a20000 	/System/Library/PrivateFrameworks/DebugSymbols.framework/Versions/A/DebugSymbols
0x0000000006a20000 	/System/Library/PrivateFrameworks/CoreSymbolication.framework/Versions/A/CoreSymbolication
0x0000000006a20000 	/System/Library/PrivateFrameworks/Symbolication.framework/Versions/A/Symbolication
0x0000000006a20000 	/System/Library/PrivateFrameworks/SpeechRecognitionCore.framework/Versions/A/SpeechRecognitionCore
0x0000000104a7f000 	/Library/Java/JavaVirtualMachines/jdk1.7.0_67.jdk/Contents/Home/jre/lib/server/libjvm.dylib
0x0000000006a20000 	/usr/lib/libstdc++.6.dylib
0x00000001055e1000 	/Library/Java/JavaVirtualMachines/jdk1.7.0_67.jdk/Contents/Home/jre/lib/libverify.dylib
0x00000001055ee000 	/Library/Java/JavaVirtualMachines/jdk1.7.0_67.jdk/Contents/Home/jre/lib/libjava.dylib
0x0000000105636000 	/Library/Java/JavaVirtualMachines/jdk1.7.0_67.jdk/Contents/Home/jre/lib/libjdwp.dylib
0x0000000105673000 	/Library/Java/JavaVirtualMachines/jdk1.7.0_67.jdk/Contents/Home/jre/lib/libnpt.dylib
0x0000000105680000 	/Library/Java/JavaVirtualMachines/jdk1.7.0_67.jdk/Contents/Home/jre/lib/libzip.dylib
0x000000010b293000 	/System/Library/Frameworks/JavaVM.framework/Frameworks/JavaRuntimeSupport.framework/JavaRuntimeSupport
0x000000010b2a9000 	/System/Library/Frameworks/JavaVM.framework/Versions/A/Frameworks/JavaNativeFoundation.framework/Versions/A/JavaNativeFoundation
0x000000010b2bd000 	/System/Library/Frameworks/JavaVM.framework/Versions/A/JavaVM
0x0000000006a20000 	/System/Library/Frameworks/Carbon.framework/Versions/A/Carbon
0x000000010b2c9000 	/System/Library/PrivateFrameworks/JavaLaunching.framework/Versions/A/JavaLaunching
0x0000000006a20000 	/System/Library/Frameworks/Carbon.framework/Versions/A/Frameworks/CommonPanels.framework/Versions/A/CommonPanels
0x0000000006a20000 	/System/Library/Frameworks/Carbon.framework/Versions/A/Frameworks/Help.framework/Versions/A/Help
0x0000000006a20000 	/System/Library/Frameworks/Carbon.framework/Versions/A/Frameworks/ImageCapture.framework/Versions/A/ImageCapture
0x0000000006a20000 	/System/Library/Frameworks/Carbon.framework/Versions/A/Frameworks/OpenScripting.framework/Versions/A/OpenScripting
0x0000000006a20000 	/System/Library/Frameworks/Carbon.framework/Versions/A/Frameworks/Print.framework/Versions/A/Print
0x0000000006a20000 	/System/Library/Frameworks/Carbon.framework/Versions/A/Frameworks/SecurityHI.framework/Versions/A/SecurityHI
0x000000010cb55000 	/Library/Java/JavaVirtualMachines/jdk1.7.0_67.jdk/Contents/Home/jre/lib/libdt_socket.dylib
0x000000010d273000 	/Library/Java/JavaVirtualMachines/jdk1.7.0_67.jdk/Contents/Home/jre/lib/libawt.dylib
0x000000010d322000 	/Library/Java/JavaVirtualMachines/jdk1.7.0_67.jdk/Contents/Home/jre/lib/./libmlib_image.dylib
0x000000010d3ee000 	/Library/Java/JavaVirtualMachines/jdk1.7.0_67.jdk/Contents/Home/jre/lib/lwawt/liblwawt.dylib
0x000000010d4a2000 	/Library/Java/JavaVirtualMachines/jdk1.7.0_67.jdk/Contents/Home/jre/lib/libosxapp.dylib
0x0000000006a20000 	/System/Library/Frameworks/ExceptionHandling.framework/Versions/A/ExceptionHandling
0x0000000006a20000 	/System/Library/PrivateFrameworks/CoreServicesInternal.framework/Versions/A/CoreServicesInternal
0x0000000006a20000 	/System/Library/PrivateFrameworks/CloudDocs.framework/Versions/A/CloudDocs
0x0000000006a20000 	/System/Library/PrivateFrameworks/CoreDuet.framework/Versions/A/CoreDuet
0x0000000006a20000 	/System/Library/Frameworks/CloudKit.framework/Versions/A/CloudKit
0x0000000006a20000 	/System/Library/PrivateFrameworks/ProtocolBuffer.framework/Versions/A/ProtocolBuffer
0x0000000006a20000 	/System/Library/PrivateFrameworks/CoreDuetDaemonProtocol.framework/Versions/A/CoreDuetDaemonProtocol
0x0000000006a20000 	/System/Library/PrivateFrameworks/CoreDuetDebugLogging.framework/Versions/A/CoreDuetDebugLogging
0x0000000006a20000 	/System/Library/Frameworks/CoreLocation.framework/Versions/A/CoreLocation
0x0000000006a20000 	/System/Library/Frameworks/Accounts.framework/Versions/A/Accounts
0x0000000006a20000 	/System/Library/PrivateFrameworks/ApplePushService.framework/Versions/A/ApplePushService
0x0000000006a20000 	/System/Library/PrivateFrameworks/GeoServices.framework/Versions/A/GeoServices
0x0000000006a20000 	/System/Library/PrivateFrameworks/OAuth.framework/Versions/A/OAuth
0x0000000006a20000 	/System/Library/PrivateFrameworks/CoreDaemon.framework/Versions/B/CoreDaemon
0x0000000006a20000 	/usr/lib/libcrypto.0.9.8.dylib
0x0000000006a20000 	/System/Library/PrivateFrameworks/AppleSRP.framework/Versions/A/AppleSRP
0x0000000006a20000 	/System/Library/PrivateFrameworks/TrustEvaluationAgent.framework/Versions/A/TrustEvaluationAgent
0x0000000006a20000 	/System/Library/Frameworks/CoreGraphics.framework/Versions/A/Resources/libCGCMS.A.dylib
0x0000000006a20000 	/System/Library/Frameworks/CoreGraphics.framework/Versions/A/Resources/libRIP.A.dylib
0x0000000006a20000 	/System/Library/Frameworks/CoreGraphics.framework/Versions/A/Resources/libCGXType.A.dylib
0x0000000006a20000 	/System/Library/Frameworks/OpenCL.framework/Versions/A/Libraries/libcldcpuengine.dylib
0x0000000006a20000 	/System/Library/PrivateFrameworks/DiskImages.framework/Versions/A/DiskImages
0x0000000006a20000 	/System/Library/Frameworks/DiscRecording.framework/Versions/A/DiscRecording
0x0000000006a20000 	/usr/lib/libcsfde.dylib
0x0000000006a20000 	/usr/lib/libcurl.4.dylib
0x0000000006a20000 	/System/Library/PrivateFrameworks/MediaKit.framework/Versions/A/MediaKit
0x0000000006a20000 	/System/Library/PrivateFrameworks/ProtectedCloudStorage.framework/Versions/A/ProtectedCloudStorage
0x0000000006a20000 	/usr/lib/libCoreStorage.dylib
0x0000000006a20000 	/System/Library/PrivateFrameworks/EFILogin.framework/Versions/A/EFILogin
0x0000000006a20000 	/usr/lib/libutil.dylib
0x0000000006a20000 	/System/Library/PrivateFrameworks/FindMyDevice.framework/Versions/A/FindMyDevice
0x0000000006a20000 	/System/Library/Frameworks/LDAP.framework/Versions/A/LDAP
0x0000000006a20000 	/usr/lib/libsasl2.2.dylib
0x000000011010a000 	cl_kernels
0x000000011010c000 	/System/Library/Frameworks/OpenCL.framework/Versions/A/Libraries/ImageFormats/unorm8_bgra.dylib
0x00000001100fb000 	cl_kernels
0x0000000006a20000 	/System/Library/PrivateFrameworks/FamilyControls.framework/Versions/A/FamilyControls
0x0000000006a20000 	/System/Library/PrivateFrameworks/CommerceKit.framework/Versions/A/Frameworks/CommerceCore.framework/Versions/A/CommerceCore
0x0000000006a20000 	/System/Library/PrivateFrameworks/SystemAdministration.framework/Versions/A/SystemAdministration
0x0000000006a20000 	/System/Library/PrivateFrameworks/AppContainer.framework/Versions/A/AppContainer
0x0000000006a20000 	/System/Library/PrivateFrameworks/SecCodeWrapper.framework/Versions/A/SecCodeWrapper
0x0000000006a20000 	/System/Library/Frameworks/DirectoryService.framework/Versions/A/DirectoryService
0x0000000006a20000 	/System/Library/PrivateFrameworks/LoginUIKit.framework/Versions/A/Frameworks/LoginUICore.framework/Versions/A/LoginUICore
0x0000000006a20000 	/usr/lib/libodfde.dylib
0x0000000006a20000 	/System/Library/Frameworks/OpenGL.framework/Versions/A/Resources/GLEngine.bundle/GLEngine
0x0000000006a20000 	/System/Library/Frameworks/OpenGL.framework/Versions/A/Libraries/libGLProgrammability.dylib
0x0000000000000000 	/System/Library/Extensions/ATIRadeonX2000GLDriver.bundle/Contents/MacOS/ATIRadeonX2000GLDriver
0x000000010f636000 	/System/Library/PrivateFrameworks/GPUSupport.framework/Versions/A/Libraries/libGPUSupport.dylib
0x0000000006a20000 	/System/Library/Frameworks/OpenGL.framework/Versions/A/Resources/GLRendererFloat.bundle/GLRendererFloat
0x000000011154a000 	/Library/Java/JavaVirtualMachines/jdk1.7.0_67.jdk/Contents/Home/jre/lib/libfontmanager.dylib
0x00000001115b1000 	/Library/Java/JavaVirtualMachines/jdk1.7.0_67.jdk/Contents/Home/jre/lib/libosxui.dylib
0x000000011206f000 	/Library/Java/JavaVirtualMachines/jdk1.7.0_67.jdk/Contents/Home/jre/lib/libnet.dylib
0x0000000111f45000 	/Library/Java/JavaVirtualMachines/jdk1.7.0_67.jdk/Contents/Home/jre/lib/libnio.dylib

VM Arguments:
jvm_args: -agentlib:jdwp=transport=dt_socket,suspend=y,address=localhost:51941 -Dfile.encoding=UTF-8 
java_command: DragonTest
Launcher Type: SUN_STANDARD

Environment Variables:
PATH=/usr/bin:/bin:/usr/sbin:/sbin
SHELL=/bin/bash

Signal Handlers:
SIGSEGV: [libjvm.dylib+0x52b6c9], sa_mask[0]=0xfffefeff, sa_flags=0x00000043
SIGBUS: [libjvm.dylib+0x52b6c9], sa_mask[0]=0xfffefeff, sa_flags=0x00000042
SIGFPE: [libjvm.dylib+0x41deaa], sa_mask[0]=0xfffefeff, sa_flags=0x00000042
SIGPIPE: [libjvm.dylib+0x41deaa], sa_mask[0]=0xfffefeff, sa_flags=0x00000042
SIGXFSZ: [libjvm.dylib+0x41deaa], sa_mask[0]=0xfffefeff, sa_flags=0x00000042
SIGILL: [libjvm.dylib+0x41deaa], sa_mask[0]=0xfffefeff, sa_flags=0x00000042
SIGUSR1: SIG_DFL, sa_mask[0]=0x00000000, sa_flags=0x00000000
SIGUSR2: [libjvm.dylib+0x41d99c], sa_mask[0]=0x00000004, sa_flags=0x00000042
SIGHUP: [libjvm.dylib+0x41bc2d], sa_mask[0]=0xfffefeff, sa_flags=0x00000042
SIGINT: [libjvm.dylib+0x41bc2d], sa_mask[0]=0xfffefeff, sa_flags=0x00000042
SIGTERM: [libjvm.dylib+0x41bc2d], sa_mask[0]=0xfffefeff, sa_flags=0x00000042
SIGQUIT: [libjvm.dylib+0x41bc2d], sa_mask[0]=0xfffefeff, sa_flags=0x00000042


---------------  S Y S T E M  ---------------

OS:Bsduname:Darwin 14.0.0 Darwin Kernel Version 14.0.0: Fri Sep 19 00:26:44 PDT 2014; root:xnu-2782.1.97~2/RELEASE_X86_64 x86_64
rlimit: STACK 8192k, CORE 0k, NPROC 266, NOFILE 10240, AS infinity
load average:1.50 1.56 1.71

CPU:total 2 (2 cores per cpu, 1 threads per core) family 6 model 23 stepping 6, cmov, cx8, fxsr, mmx, sse, sse2, sse3, ssse3, sse4.1, tsc

Memory: 4k page, physical 2097152k(524288k free)

/proc/meminfo:


vm_info: Java HotSpot(TM) 64-Bit Server VM (24.65-b04) for bsd-amd64 JRE (1.7.0_67-b01), built on Jul 25 2014 08:51:51 by "java_re" with gcc 4.2.1 (Based on Apple Inc. build 5658) (LLVM build 2336.11.00)

time: Thu Nov  6 21:21:26 2014
elapsed time: 14 seconds

